<?xml version="1.0" encoding="UTF-8"?>
<testsuite xmlns:xsi="http://www.w3.org/2001/XMLSchema-instance" xsi:noNamespaceSchemaLocation="https://maven.apache.org/surefire/maven-surefire-plugin/xsd/surefire-test-report-3.0.xsd" version="3.0" name="br.com.fiap.wework.WeWorkApplicationTests" time="6.837" tests="1" errors="0" skipped="0" failures="0">
  <properties>
[...]
</properties>
  <testcase name="contextLoads" classname="br.com.fiap.wework.WeWorkApplicationTests" time="0.591">
    <system-out><![CDATA[20:10:38.828 [main] INFO org.springframework.test.context.support.AnnotationConfigContextLoaderUtils -- Could not detect default configuration classes for test class [br.com.fiap.wework.WeWorkApplicationTests]: WeWorkApplicationTests does not declare any static, non-private, non-final, nested classes annotated with @Configuration.
20:10:38.964 [main] INFO org.springframework.boot.test.context.SpringBootTestContextBootstrapper -- Found @SpringBootConfiguration br.com.fiap.wework.WeWorkApplication for test class br.com.fiap.wework.WeWorkApplicationTests

  .   ____          _            __ _ _
 /\\ / ___'_ __ _ _(_)_ __  __ _ \ \ \ \
( ( )\___ | '_ | '_| | '_ \/ _` | \ \ \ \
 \\/  ___)| |_)| | | | | || (_| |  ) ) ) )
  '  |____| .__|_| |_|_| |_\__, | / / / /
 =========|_|==============|___/=/_/_/_/
 :: Spring Boot ::                (v3.2.5)

2024-08-28T20:10:39.582-03:00  INFO 17232 --- [we-work] [           main] b.c.fiap.wework.WeWorkApplicationTests   : Starting WeWorkApplicationTests using Java 17.0.9 with PID 17232 (started by bruno in C:\desenvolvimento\fiap\tech-challenge\fase-1\we-work)
2024-08-28T20:10:39.584-03:00  INFO 17232 --- [we-work] [           main] b.c.fiap.wework.WeWorkApplicationTests   : No active profile set, falling back to 1 default profile: "default"
2024-08-28T20:10:40.520-03:00  INFO 17232 --- [we-work] [           main] .s.d.r.c.RepositoryConfigurationDelegate : Bootstrapping Spring Data JPA repositories in DEFAULT mode.
2024-08-28T20:10:40.602-03:00  INFO 17232 --- [we-work] [           main] .s.d.r.c.RepositoryConfigurationDelegate : Finished Spring Data repository scanning in 70 ms. Found 2 JPA repository interfaces.
2024-08-28T20:10:41.354-03:00  INFO 17232 --- [we-work] [           main] o.hibernate.jpa.internal.util.LogHelper  : HHH000204: Processing PersistenceUnitInfo [name: default]
2024-08-28T20:10:41.455-03:00  INFO 17232 --- [we-work] [           main] org.hibernate.Version                    : HHH000412: Hibernate ORM core version 6.4.4.Final
2024-08-28T20:10:41.506-03:00  INFO 17232 --- [we-work] [           main] o.h.c.internal.RegionFactoryInitiator    : HHH000026: Second-level cache disabled
2024-08-28T20:10:41.956-03:00  INFO 17232 --- [we-work] [           main] o.s.o.j.p.SpringPersistenceUnitInfo      : No LoadTimeWeaver setup: ignoring JPA class transformer
2024-08-28T20:10:41.997-03:00  INFO 17232 --- [we-work] [           main] com.zaxxer.hikari.HikariDataSource       : HikariPool-1 - Starting...
2024-08-28T20:10:42.307-03:00  INFO 17232 --- [we-work] [           main] com.zaxxer.hikari.pool.HikariPool        : HikariPool-1 - Added connection conn0: url=jdbc:h2:file:./we-work-prd user=SA
2024-08-28T20:10:42.308-03:00  INFO 17232 --- [we-work] [           main] com.zaxxer.hikari.HikariDataSource       : HikariPool-1 - Start completed.
2024-08-28T20:10:42.343-03:00  WARN 17232 --- [we-work] [           main] org.hibernate.orm.deprecation            : HHH90000025: H2Dialect does not need to be specified explicitly using 'hibernate.dialect' (remove the property setting and it will be selected by default)
2024-08-28T20:10:43.439-03:00  INFO 17232 --- [we-work] [           main] o.h.e.t.j.p.i.JtaPlatformInitiator       : HHH000489: No JTA platform available (set 'hibernate.transaction.jta.platform' to enable JTA platform integration)
2024-08-28T20:10:43.499-03:00  INFO 17232 --- [we-work] [           main] j.LocalContainerEntityManagerFactoryBean : Initialized JPA EntityManagerFactory for persistence unit 'default'
2024-08-28T20:10:43.987-03:00  WARN 17232 --- [we-work] [           main] JpaBaseConfiguration$JpaWebConfiguration : spring.jpa.open-in-view is enabled by default. Therefore, database queries may be performed during view rendering. Explicitly configure spring.jpa.open-in-view to disable this warning
2024-08-28T20:10:44.386-03:00  INFO 17232 --- [we-work] [           main] o.s.s.web.DefaultSecurityFilterChain     : Will secure any request with [org.springframework.security.web.session.DisableEncodeUrlFilter@5b01b3f8, org.springframework.security.web.context.request.async.WebAsyncManagerIntegrationFilter@27c49f54, org.springframework.security.web.context.SecurityContextHolderFilter@6ff87203, org.springframework.security.web.header.HeaderWriterFilter@c2dab10, org.springframework.web.filter.CorsFilter@69efdfd9, org.springframework.security.web.authentication.logout.LogoutFilter@23b3afb4, br.com.fiap.wework.infra.security.SecurityFilter@3d8e1fa6, org.springframework.security.web.savedrequest.RequestCacheAwareFilter@2f2a5064, org.springframework.security.web.servletapi.SecurityContextHolderAwareRequestFilter@43a72f0f, org.springframework.security.web.authentication.AnonymousAuthenticationFilter@1c149539, org.springframework.security.web.session.SessionManagementFilter@5006a697, org.springframework.security.web.access.ExceptionTranslationFilter@44103266, org.springframework.security.web.access.intercept.AuthorizationFilter@4cf1ec2]
2024-08-28T20:10:44.687-03:00  INFO 17232 --- [we-work] [           main] o.s.b.a.h2.H2ConsoleAutoConfiguration    : H2 console available at '/h2-console'. Database available at 'jdbc:h2:file:./we-work-prd'
2024-08-28T20:10:44.809-03:00  INFO 17232 --- [we-work] [           main] b.c.fiap.wework.WeWorkApplicationTests   : Started WeWorkApplicationTests in 5.603 seconds (process running for 6.805)
]]></system-out>
  </testcase>
</testsuite>